<?xml version="1.0" encoding="UTF-8"?>
<!-- Generated by org.testng.reporters.JUnitReportReporter -->
<testsuite hostname="LAPTOP-EQLN7PL4" name="com.E_bankingTestCases.Tc_LoginTest_003" tests="1" failures="0" timestamp="16 Oct 2021 19:39:44 GMT" time="49.318" errors="0">
  <testcase name="addNewCustomer" time="49.318" classname="com.E_bankingTestCases.Tc_LoginTest_003"/>
</testsuite> <!-- com.E_bankingTestCases.Tc_LoginTest_003 -->
