<?xml version="1.0" encoding="UTF-8"?>
<!-- Generated by org.testng.reporters.JUnitReportReporter -->
<testsuite hostname="LAPTOP-EQLN7PL4" name="com.E_bankingTestCases.Tc_LoginTest_001" tests="1" failures="0" timestamp="15 Oct 2021 19:38:40 GMT" time="0.570" errors="0">
  <testcase name="loggerinTest" time="0.570" classname="com.E_bankingTestCases.Tc_LoginTest_001"/>
</testsuite> <!-- com.E_bankingTestCases.Tc_LoginTest_001 -->
