<?xml version="1.0" encoding="UTF-8"?>
<!-- Generated by org.testng.reporters.JUnitReportReporter -->
<testsuite hostname="LAPTOP-EQLN7PL4" name="com.E_bankingTestCases.Tc_LoginTest_002" tests="4" failures="4" timestamp="18 Nov 2021 15:26:17 GMT" time="0.014" errors="0">
  <testcase name="loginDDT" time="0.004" classname="com.E_bankingTestCases.Tc_LoginTest_002">
    <failure type="org.openqa.selenium.SessionNotCreatedException" message="session not created: This version of ChromeDriver only supports Chrome version 94
Current browser version is 96.0.4664.45 with binary path C:\Program Files\Google\Chrome\Application\chrome.exe
Build info: version: &#039;3.141.0&#039;, revision: &#039;2ecb7d9a&#039;, time: &#039;2018-10-31T20:09:30&#039;
System info: host: &#039;LAPTOP-EQLN7PL4&#039;, ip: &#039;192.168.43.156&#039;, os.name: &#039;Windows 10&#039;, os.arch: &#039;amd64&#039;, os.version: &#039;10.0&#039;, java.version: &#039;1.8.0_281&#039;
Driver info: driver.version: ChromeDriver
remote stacktrace: Backtrace:
	Ordinal0 [0x0034BDE3+2473443]
	Ordinal0 [0x002E6661+2057825]
	Ordinal0 [0x001F2438+1057848]
	Ordinal0 [0x0021054A+1181002]
	Ordinal0 [0x0020C435+1164341]
	Ordinal0 [0x00209CAF+1154223]
	Ordinal0 [0x00239ADF+1350367]
	Ordinal0 [0x0023974A+1349450]
	Ordinal0 [0x002355AB+1332651]
	Ordinal0 [0x00212104+1188100]
	Ordinal0 [0x00212F59+1191769]
	GetHandleVerifier [0x004D2266+1549718]
	GetHandleVerifier [0x0057D4A7+2250711]
	GetHandleVerifier [0x003D718B+521403]
	GetHandleVerifier [0x003D6229+517465]
	Ordinal0 [0x002EB79D+2078621]
	Ordinal0 [0x002EFB58+2095960]
	Ordinal0 [0x002EFC92+2096274]
	Ordinal0 [0x002F9541+2135361]
	BaseThreadInitThunk [0x76FCFA29+25]
	RtlGetAppContainerNamedObjectPath [0x774E7A9E+286]
	RtlGetAppContainerNamedObjectPath [0x774E7A6E+238]
	(No symbol) [0x00000000]
">
      <![CDATA[org.openqa.selenium.SessionNotCreatedException: session not created: This version of ChromeDriver only supports Chrome version 94
Current browser version is 96.0.4664.45 with binary path C:\Program Files\Google\Chrome\Application\chrome.exe
Build info: version: '3.141.0', revision: '2ecb7d9a', time: '2018-10-31T20:09:30'
System info: host: 'LAPTOP-EQLN7PL4', ip: '192.168.43.156', os.name: 'Windows 10', os.arch: 'amd64', os.version: '10.0', java.version: '1.8.0_281'
Driver info: driver.version: ChromeDriver
remote stacktrace: Backtrace:
	Ordinal0 [0x0034BDE3+2473443]
	Ordinal0 [0x002E6661+2057825]
	Ordinal0 [0x001F2438+1057848]
	Ordinal0 [0x0021054A+1181002]
	Ordinal0 [0x0020C435+1164341]
	Ordinal0 [0x00209CAF+1154223]
	Ordinal0 [0x00239ADF+1350367]
	Ordinal0 [0x0023974A+1349450]
	Ordinal0 [0x002355AB+1332651]
	Ordinal0 [0x00212104+1188100]
	Ordinal0 [0x00212F59+1191769]
	GetHandleVerifier [0x004D2266+1549718]
	GetHandleVerifier [0x0057D4A7+2250711]
	GetHandleVerifier [0x003D718B+521403]
	GetHandleVerifier [0x003D6229+517465]
	Ordinal0 [0x002EB79D+2078621]
	Ordinal0 [0x002EFB58+2095960]
	Ordinal0 [0x002EFC92+2096274]
	Ordinal0 [0x002F9541+2135361]
	BaseThreadInitThunk [0x76FCFA29+25]
	RtlGetAppContainerNamedObjectPath [0x774E7A9E+286]
	RtlGetAppContainerNamedObjectPath [0x774E7A6E+238]
	(No symbol) [0x00000000]

	at sun.reflect.NativeConstructorAccessorImpl.newInstance0(Native Method)
	at sun.reflect.NativeConstructorAccessorImpl.newInstance(Unknown Source)
	at sun.reflect.DelegatingConstructorAccessorImpl.newInstance(Unknown Source)
	at java.lang.reflect.Constructor.newInstance(Unknown Source)
	at org.openqa.selenium.remote.W3CHandshakeResponse.lambda$errorHandler$0(W3CHandshakeResponse.java:62)
	at org.openqa.selenium.remote.HandshakeResponse.lambda$getResponseFunction$0(HandshakeResponse.java:30)
	at org.openqa.selenium.remote.ProtocolHandshake.lambda$createSession$0(ProtocolHandshake.java:123)
	at java.util.stream.ReferencePipeline$3$1.accept(Unknown Source)
	at java.util.Spliterators$ArraySpliterator.tryAdvance(Unknown Source)
	at java.util.stream.ReferencePipeline.forEachWithCancel(Unknown Source)
	at java.util.stream.AbstractPipeline.copyIntoWithCancel(Unknown Source)
	at java.util.stream.AbstractPipeline.copyInto(Unknown Source)
	at java.util.stream.AbstractPipeline.wrapAndCopyInto(Unknown Source)
	at java.util.stream.FindOps$FindOp.evaluateSequential(Unknown Source)
	at java.util.stream.AbstractPipeline.evaluate(Unknown Source)
	at java.util.stream.ReferencePipeline.findFirst(Unknown Source)
	at org.openqa.selenium.remote.ProtocolHandshake.createSession(ProtocolHandshake.java:125)
	at org.openqa.selenium.remote.ProtocolHandshake.createSession(ProtocolHandshake.java:74)
	at org.openqa.selenium.remote.HttpCommandExecutor.execute(HttpCommandExecutor.java:136)
	at org.openqa.selenium.remote.service.DriverCommandExecutor.execute(DriverCommandExecutor.java:83)
	at org.openqa.selenium.remote.RemoteWebDriver.execute(RemoteWebDriver.java:552)
	at org.openqa.selenium.remote.RemoteWebDriver.startSession(RemoteWebDriver.java:213)
	at org.openqa.selenium.remote.RemoteWebDriver.<init>(RemoteWebDriver.java:131)
	at org.openqa.selenium.chrome.ChromeDriver.<init>(ChromeDriver.java:181)
	at org.openqa.selenium.chrome.ChromeDriver.<init>(ChromeDriver.java:168)
	at org.openqa.selenium.chrome.ChromeDriver.<init>(ChromeDriver.java:123)
	at com.E_bankingPageObject.BaseClass.Setup(BaseClass.java:38)
	at sun.reflect.NativeMethodAccessorImpl.invoke0(Native Method)
	at sun.reflect.NativeMethodAccessorImpl.invoke(Unknown Source)
	at sun.reflect.DelegatingMethodAccessorImpl.invoke(Unknown Source)
	at java.lang.reflect.Method.invoke(Unknown Source)
	at org.testng.internal.MethodInvocationHelper.invokeMethod(MethodInvocationHelper.java:84)
	at org.testng.internal.Invoker.invokeConfigurationMethod(Invoker.java:564)
	at org.testng.internal.Invoker.invokeConfigurations(Invoker.java:213)
	at org.testng.internal.Invoker.invokeConfigurations(Invoker.java:138)
	at org.testng.internal.TestMethodWorker.invokeBeforeClassMethods(TestMethodWorker.java:175)
	at org.testng.internal.TestMethodWorker.run(TestMethodWorker.java:107)
	at java.util.concurrent.ThreadPoolExecutor.runWorker(Unknown Source)
	at java.util.concurrent.ThreadPoolExecutor$Worker.run(Unknown Source)
	at java.lang.Thread.run(Unknown Source)
]]>
    </failure>
  </testcase> <!-- loginDDT -->
  <testcase name="loginDDT" time="0.002" classname="com.E_bankingTestCases.Tc_LoginTest_002">
    <failure type="org.openqa.selenium.SessionNotCreatedException" message="session not created: This version of ChromeDriver only supports Chrome version 94
Current browser version is 96.0.4664.45 with binary path C:\Program Files\Google\Chrome\Application\chrome.exe
Build info: version: &#039;3.141.0&#039;, revision: &#039;2ecb7d9a&#039;, time: &#039;2018-10-31T20:09:30&#039;
System info: host: &#039;LAPTOP-EQLN7PL4&#039;, ip: &#039;192.168.43.156&#039;, os.name: &#039;Windows 10&#039;, os.arch: &#039;amd64&#039;, os.version: &#039;10.0&#039;, java.version: &#039;1.8.0_281&#039;
Driver info: driver.version: ChromeDriver
remote stacktrace: Backtrace:
	Ordinal0 [0x0034BDE3+2473443]
	Ordinal0 [0x002E6661+2057825]
	Ordinal0 [0x001F2438+1057848]
	Ordinal0 [0x0021054A+1181002]
	Ordinal0 [0x0020C435+1164341]
	Ordinal0 [0x00209CAF+1154223]
	Ordinal0 [0x00239ADF+1350367]
	Ordinal0 [0x0023974A+1349450]
	Ordinal0 [0x002355AB+1332651]
	Ordinal0 [0x00212104+1188100]
	Ordinal0 [0x00212F59+1191769]
	GetHandleVerifier [0x004D2266+1549718]
	GetHandleVerifier [0x0057D4A7+2250711]
	GetHandleVerifier [0x003D718B+521403]
	GetHandleVerifier [0x003D6229+517465]
	Ordinal0 [0x002EB79D+2078621]
	Ordinal0 [0x002EFB58+2095960]
	Ordinal0 [0x002EFC92+2096274]
	Ordinal0 [0x002F9541+2135361]
	BaseThreadInitThunk [0x76FCFA29+25]
	RtlGetAppContainerNamedObjectPath [0x774E7A9E+286]
	RtlGetAppContainerNamedObjectPath [0x774E7A6E+238]
	(No symbol) [0x00000000]
">
      <![CDATA[org.openqa.selenium.SessionNotCreatedException: session not created: This version of ChromeDriver only supports Chrome version 94
Current browser version is 96.0.4664.45 with binary path C:\Program Files\Google\Chrome\Application\chrome.exe
Build info: version: '3.141.0', revision: '2ecb7d9a', time: '2018-10-31T20:09:30'
System info: host: 'LAPTOP-EQLN7PL4', ip: '192.168.43.156', os.name: 'Windows 10', os.arch: 'amd64', os.version: '10.0', java.version: '1.8.0_281'
Driver info: driver.version: ChromeDriver
remote stacktrace: Backtrace:
	Ordinal0 [0x0034BDE3+2473443]
	Ordinal0 [0x002E6661+2057825]
	Ordinal0 [0x001F2438+1057848]
	Ordinal0 [0x0021054A+1181002]
	Ordinal0 [0x0020C435+1164341]
	Ordinal0 [0x00209CAF+1154223]
	Ordinal0 [0x00239ADF+1350367]
	Ordinal0 [0x0023974A+1349450]
	Ordinal0 [0x002355AB+1332651]
	Ordinal0 [0x00212104+1188100]
	Ordinal0 [0x00212F59+1191769]
	GetHandleVerifier [0x004D2266+1549718]
	GetHandleVerifier [0x0057D4A7+2250711]
	GetHandleVerifier [0x003D718B+521403]
	GetHandleVerifier [0x003D6229+517465]
	Ordinal0 [0x002EB79D+2078621]
	Ordinal0 [0x002EFB58+2095960]
	Ordinal0 [0x002EFC92+2096274]
	Ordinal0 [0x002F9541+2135361]
	BaseThreadInitThunk [0x76FCFA29+25]
	RtlGetAppContainerNamedObjectPath [0x774E7A9E+286]
	RtlGetAppContainerNamedObjectPath [0x774E7A6E+238]
	(No symbol) [0x00000000]

	at sun.reflect.NativeConstructorAccessorImpl.newInstance0(Native Method)
	at sun.reflect.NativeConstructorAccessorImpl.newInstance(Unknown Source)
	at sun.reflect.DelegatingConstructorAccessorImpl.newInstance(Unknown Source)
	at java.lang.reflect.Constructor.newInstance(Unknown Source)
	at org.openqa.selenium.remote.W3CHandshakeResponse.lambda$errorHandler$0(W3CHandshakeResponse.java:62)
	at org.openqa.selenium.remote.HandshakeResponse.lambda$getResponseFunction$0(HandshakeResponse.java:30)
	at org.openqa.selenium.remote.ProtocolHandshake.lambda$createSession$0(ProtocolHandshake.java:123)
	at java.util.stream.ReferencePipeline$3$1.accept(Unknown Source)
	at java.util.Spliterators$ArraySpliterator.tryAdvance(Unknown Source)
	at java.util.stream.ReferencePipeline.forEachWithCancel(Unknown Source)
	at java.util.stream.AbstractPipeline.copyIntoWithCancel(Unknown Source)
	at java.util.stream.AbstractPipeline.copyInto(Unknown Source)
	at java.util.stream.AbstractPipeline.wrapAndCopyInto(Unknown Source)
	at java.util.stream.FindOps$FindOp.evaluateSequential(Unknown Source)
	at java.util.stream.AbstractPipeline.evaluate(Unknown Source)
	at java.util.stream.ReferencePipeline.findFirst(Unknown Source)
	at org.openqa.selenium.remote.ProtocolHandshake.createSession(ProtocolHandshake.java:125)
	at org.openqa.selenium.remote.ProtocolHandshake.createSession(ProtocolHandshake.java:74)
	at org.openqa.selenium.remote.HttpCommandExecutor.execute(HttpCommandExecutor.java:136)
	at org.openqa.selenium.remote.service.DriverCommandExecutor.execute(DriverCommandExecutor.java:83)
	at org.openqa.selenium.remote.RemoteWebDriver.execute(RemoteWebDriver.java:552)
	at org.openqa.selenium.remote.RemoteWebDriver.startSession(RemoteWebDriver.java:213)
	at org.openqa.selenium.remote.RemoteWebDriver.<init>(RemoteWebDriver.java:131)
	at org.openqa.selenium.chrome.ChromeDriver.<init>(ChromeDriver.java:181)
	at org.openqa.selenium.chrome.ChromeDriver.<init>(ChromeDriver.java:168)
	at org.openqa.selenium.chrome.ChromeDriver.<init>(ChromeDriver.java:123)
	at com.E_bankingPageObject.BaseClass.Setup(BaseClass.java:38)
	at sun.reflect.NativeMethodAccessorImpl.invoke0(Native Method)
	at sun.reflect.NativeMethodAccessorImpl.invoke(Unknown Source)
	at sun.reflect.DelegatingMethodAccessorImpl.invoke(Unknown Source)
	at java.lang.reflect.Method.invoke(Unknown Source)
	at org.testng.internal.MethodInvocationHelper.invokeMethod(MethodInvocationHelper.java:84)
	at org.testng.internal.Invoker.invokeConfigurationMethod(Invoker.java:564)
	at org.testng.internal.Invoker.invokeConfigurations(Invoker.java:213)
	at org.testng.internal.Invoker.invokeConfigurations(Invoker.java:138)
	at org.testng.internal.TestMethodWorker.invokeBeforeClassMethods(TestMethodWorker.java:175)
	at org.testng.internal.TestMethodWorker.run(TestMethodWorker.java:107)
	at java.util.concurrent.ThreadPoolExecutor.runWorker(Unknown Source)
	at java.util.concurrent.ThreadPoolExecutor$Worker.run(Unknown Source)
	at java.lang.Thread.run(Unknown Source)
]]>
    </failure>
  </testcase> <!-- loginDDT -->
  <testcase name="loginDDT" time="0.006" classname="com.E_bankingTestCases.Tc_LoginTest_002">
    <failure type="org.openqa.selenium.SessionNotCreatedException" message="session not created: This version of ChromeDriver only supports Chrome version 94
Current browser version is 96.0.4664.45 with binary path C:\Program Files\Google\Chrome\Application\chrome.exe
Build info: version: &#039;3.141.0&#039;, revision: &#039;2ecb7d9a&#039;, time: &#039;2018-10-31T20:09:30&#039;
System info: host: &#039;LAPTOP-EQLN7PL4&#039;, ip: &#039;192.168.43.156&#039;, os.name: &#039;Windows 10&#039;, os.arch: &#039;amd64&#039;, os.version: &#039;10.0&#039;, java.version: &#039;1.8.0_281&#039;
Driver info: driver.version: ChromeDriver
remote stacktrace: Backtrace:
	Ordinal0 [0x0034BDE3+2473443]
	Ordinal0 [0x002E6661+2057825]
	Ordinal0 [0x001F2438+1057848]
	Ordinal0 [0x0021054A+1181002]
	Ordinal0 [0x0020C435+1164341]
	Ordinal0 [0x00209CAF+1154223]
	Ordinal0 [0x00239ADF+1350367]
	Ordinal0 [0x0023974A+1349450]
	Ordinal0 [0x002355AB+1332651]
	Ordinal0 [0x00212104+1188100]
	Ordinal0 [0x00212F59+1191769]
	GetHandleVerifier [0x004D2266+1549718]
	GetHandleVerifier [0x0057D4A7+2250711]
	GetHandleVerifier [0x003D718B+521403]
	GetHandleVerifier [0x003D6229+517465]
	Ordinal0 [0x002EB79D+2078621]
	Ordinal0 [0x002EFB58+2095960]
	Ordinal0 [0x002EFC92+2096274]
	Ordinal0 [0x002F9541+2135361]
	BaseThreadInitThunk [0x76FCFA29+25]
	RtlGetAppContainerNamedObjectPath [0x774E7A9E+286]
	RtlGetAppContainerNamedObjectPath [0x774E7A6E+238]
	(No symbol) [0x00000000]
">
      <![CDATA[org.openqa.selenium.SessionNotCreatedException: session not created: This version of ChromeDriver only supports Chrome version 94
Current browser version is 96.0.4664.45 with binary path C:\Program Files\Google\Chrome\Application\chrome.exe
Build info: version: '3.141.0', revision: '2ecb7d9a', time: '2018-10-31T20:09:30'
System info: host: 'LAPTOP-EQLN7PL4', ip: '192.168.43.156', os.name: 'Windows 10', os.arch: 'amd64', os.version: '10.0', java.version: '1.8.0_281'
Driver info: driver.version: ChromeDriver
remote stacktrace: Backtrace:
	Ordinal0 [0x0034BDE3+2473443]
	Ordinal0 [0x002E6661+2057825]
	Ordinal0 [0x001F2438+1057848]
	Ordinal0 [0x0021054A+1181002]
	Ordinal0 [0x0020C435+1164341]
	Ordinal0 [0x00209CAF+1154223]
	Ordinal0 [0x00239ADF+1350367]
	Ordinal0 [0x0023974A+1349450]
	Ordinal0 [0x002355AB+1332651]
	Ordinal0 [0x00212104+1188100]
	Ordinal0 [0x00212F59+1191769]
	GetHandleVerifier [0x004D2266+1549718]
	GetHandleVerifier [0x0057D4A7+2250711]
	GetHandleVerifier [0x003D718B+521403]
	GetHandleVerifier [0x003D6229+517465]
	Ordinal0 [0x002EB79D+2078621]
	Ordinal0 [0x002EFB58+2095960]
	Ordinal0 [0x002EFC92+2096274]
	Ordinal0 [0x002F9541+2135361]
	BaseThreadInitThunk [0x76FCFA29+25]
	RtlGetAppContainerNamedObjectPath [0x774E7A9E+286]
	RtlGetAppContainerNamedObjectPath [0x774E7A6E+238]
	(No symbol) [0x00000000]

	at sun.reflect.NativeConstructorAccessorImpl.newInstance0(Native Method)
	at sun.reflect.NativeConstructorAccessorImpl.newInstance(Unknown Source)
	at sun.reflect.DelegatingConstructorAccessorImpl.newInstance(Unknown Source)
	at java.lang.reflect.Constructor.newInstance(Unknown Source)
	at org.openqa.selenium.remote.W3CHandshakeResponse.lambda$errorHandler$0(W3CHandshakeResponse.java:62)
	at org.openqa.selenium.remote.HandshakeResponse.lambda$getResponseFunction$0(HandshakeResponse.java:30)
	at org.openqa.selenium.remote.ProtocolHandshake.lambda$createSession$0(ProtocolHandshake.java:123)
	at java.util.stream.ReferencePipeline$3$1.accept(Unknown Source)
	at java.util.Spliterators$ArraySpliterator.tryAdvance(Unknown Source)
	at java.util.stream.ReferencePipeline.forEachWithCancel(Unknown Source)
	at java.util.stream.AbstractPipeline.copyIntoWithCancel(Unknown Source)
	at java.util.stream.AbstractPipeline.copyInto(Unknown Source)
	at java.util.stream.AbstractPipeline.wrapAndCopyInto(Unknown Source)
	at java.util.stream.FindOps$FindOp.evaluateSequential(Unknown Source)
	at java.util.stream.AbstractPipeline.evaluate(Unknown Source)
	at java.util.stream.ReferencePipeline.findFirst(Unknown Source)
	at org.openqa.selenium.remote.ProtocolHandshake.createSession(ProtocolHandshake.java:125)
	at org.openqa.selenium.remote.ProtocolHandshake.createSession(ProtocolHandshake.java:74)
	at org.openqa.selenium.remote.HttpCommandExecutor.execute(HttpCommandExecutor.java:136)
	at org.openqa.selenium.remote.service.DriverCommandExecutor.execute(DriverCommandExecutor.java:83)
	at org.openqa.selenium.remote.RemoteWebDriver.execute(RemoteWebDriver.java:552)
	at org.openqa.selenium.remote.RemoteWebDriver.startSession(RemoteWebDriver.java:213)
	at org.openqa.selenium.remote.RemoteWebDriver.<init>(RemoteWebDriver.java:131)
	at org.openqa.selenium.chrome.ChromeDriver.<init>(ChromeDriver.java:181)
	at org.openqa.selenium.chrome.ChromeDriver.<init>(ChromeDriver.java:168)
	at org.openqa.selenium.chrome.ChromeDriver.<init>(ChromeDriver.java:123)
	at com.E_bankingPageObject.BaseClass.Setup(BaseClass.java:38)
	at sun.reflect.NativeMethodAccessorImpl.invoke0(Native Method)
	at sun.reflect.NativeMethodAccessorImpl.invoke(Unknown Source)
	at sun.reflect.DelegatingMethodAccessorImpl.invoke(Unknown Source)
	at java.lang.reflect.Method.invoke(Unknown Source)
	at org.testng.internal.MethodInvocationHelper.invokeMethod(MethodInvocationHelper.java:84)
	at org.testng.internal.Invoker.invokeConfigurationMethod(Invoker.java:564)
	at org.testng.internal.Invoker.invokeConfigurations(Invoker.java:213)
	at org.testng.internal.Invoker.invokeConfigurations(Invoker.java:138)
	at org.testng.internal.TestMethodWorker.invokeBeforeClassMethods(TestMethodWorker.java:175)
	at org.testng.internal.TestMethodWorker.run(TestMethodWorker.java:107)
	at java.util.concurrent.ThreadPoolExecutor.runWorker(Unknown Source)
	at java.util.concurrent.ThreadPoolExecutor$Worker.run(Unknown Source)
	at java.lang.Thread.run(Unknown Source)
]]>
    </failure>
  </testcase> <!-- loginDDT -->
  <testcase name="loginDDT" time="0.002" classname="com.E_bankingTestCases.Tc_LoginTest_002">
    <failure type="org.openqa.selenium.SessionNotCreatedException" message="session not created: This version of ChromeDriver only supports Chrome version 94
Current browser version is 96.0.4664.45 with binary path C:\Program Files\Google\Chrome\Application\chrome.exe
Build info: version: &#039;3.141.0&#039;, revision: &#039;2ecb7d9a&#039;, time: &#039;2018-10-31T20:09:30&#039;
System info: host: &#039;LAPTOP-EQLN7PL4&#039;, ip: &#039;192.168.43.156&#039;, os.name: &#039;Windows 10&#039;, os.arch: &#039;amd64&#039;, os.version: &#039;10.0&#039;, java.version: &#039;1.8.0_281&#039;
Driver info: driver.version: ChromeDriver
remote stacktrace: Backtrace:
	Ordinal0 [0x0034BDE3+2473443]
	Ordinal0 [0x002E6661+2057825]
	Ordinal0 [0x001F2438+1057848]
	Ordinal0 [0x0021054A+1181002]
	Ordinal0 [0x0020C435+1164341]
	Ordinal0 [0x00209CAF+1154223]
	Ordinal0 [0x00239ADF+1350367]
	Ordinal0 [0x0023974A+1349450]
	Ordinal0 [0x002355AB+1332651]
	Ordinal0 [0x00212104+1188100]
	Ordinal0 [0x00212F59+1191769]
	GetHandleVerifier [0x004D2266+1549718]
	GetHandleVerifier [0x0057D4A7+2250711]
	GetHandleVerifier [0x003D718B+521403]
	GetHandleVerifier [0x003D6229+517465]
	Ordinal0 [0x002EB79D+2078621]
	Ordinal0 [0x002EFB58+2095960]
	Ordinal0 [0x002EFC92+2096274]
	Ordinal0 [0x002F9541+2135361]
	BaseThreadInitThunk [0x76FCFA29+25]
	RtlGetAppContainerNamedObjectPath [0x774E7A9E+286]
	RtlGetAppContainerNamedObjectPath [0x774E7A6E+238]
	(No symbol) [0x00000000]
">
      <![CDATA[org.openqa.selenium.SessionNotCreatedException: session not created: This version of ChromeDriver only supports Chrome version 94
Current browser version is 96.0.4664.45 with binary path C:\Program Files\Google\Chrome\Application\chrome.exe
Build info: version: '3.141.0', revision: '2ecb7d9a', time: '2018-10-31T20:09:30'
System info: host: 'LAPTOP-EQLN7PL4', ip: '192.168.43.156', os.name: 'Windows 10', os.arch: 'amd64', os.version: '10.0', java.version: '1.8.0_281'
Driver info: driver.version: ChromeDriver
remote stacktrace: Backtrace:
	Ordinal0 [0x0034BDE3+2473443]
	Ordinal0 [0x002E6661+2057825]
	Ordinal0 [0x001F2438+1057848]
	Ordinal0 [0x0021054A+1181002]
	Ordinal0 [0x0020C435+1164341]
	Ordinal0 [0x00209CAF+1154223]
	Ordinal0 [0x00239ADF+1350367]
	Ordinal0 [0x0023974A+1349450]
	Ordinal0 [0x002355AB+1332651]
	Ordinal0 [0x00212104+1188100]
	Ordinal0 [0x00212F59+1191769]
	GetHandleVerifier [0x004D2266+1549718]
	GetHandleVerifier [0x0057D4A7+2250711]
	GetHandleVerifier [0x003D718B+521403]
	GetHandleVerifier [0x003D6229+517465]
	Ordinal0 [0x002EB79D+2078621]
	Ordinal0 [0x002EFB58+2095960]
	Ordinal0 [0x002EFC92+2096274]
	Ordinal0 [0x002F9541+2135361]
	BaseThreadInitThunk [0x76FCFA29+25]
	RtlGetAppContainerNamedObjectPath [0x774E7A9E+286]
	RtlGetAppContainerNamedObjectPath [0x774E7A6E+238]
	(No symbol) [0x00000000]

	at sun.reflect.NativeConstructorAccessorImpl.newInstance0(Native Method)
	at sun.reflect.NativeConstructorAccessorImpl.newInstance(Unknown Source)
	at sun.reflect.DelegatingConstructorAccessorImpl.newInstance(Unknown Source)
	at java.lang.reflect.Constructor.newInstance(Unknown Source)
	at org.openqa.selenium.remote.W3CHandshakeResponse.lambda$errorHandler$0(W3CHandshakeResponse.java:62)
	at org.openqa.selenium.remote.HandshakeResponse.lambda$getResponseFunction$0(HandshakeResponse.java:30)
	at org.openqa.selenium.remote.ProtocolHandshake.lambda$createSession$0(ProtocolHandshake.java:123)
	at java.util.stream.ReferencePipeline$3$1.accept(Unknown Source)
	at java.util.Spliterators$ArraySpliterator.tryAdvance(Unknown Source)
	at java.util.stream.ReferencePipeline.forEachWithCancel(Unknown Source)
	at java.util.stream.AbstractPipeline.copyIntoWithCancel(Unknown Source)
	at java.util.stream.AbstractPipeline.copyInto(Unknown Source)
	at java.util.stream.AbstractPipeline.wrapAndCopyInto(Unknown Source)
	at java.util.stream.FindOps$FindOp.evaluateSequential(Unknown Source)
	at java.util.stream.AbstractPipeline.evaluate(Unknown Source)
	at java.util.stream.ReferencePipeline.findFirst(Unknown Source)
	at org.openqa.selenium.remote.ProtocolHandshake.createSession(ProtocolHandshake.java:125)
	at org.openqa.selenium.remote.ProtocolHandshake.createSession(ProtocolHandshake.java:74)
	at org.openqa.selenium.remote.HttpCommandExecutor.execute(HttpCommandExecutor.java:136)
	at org.openqa.selenium.remote.service.DriverCommandExecutor.execute(DriverCommandExecutor.java:83)
	at org.openqa.selenium.remote.RemoteWebDriver.execute(RemoteWebDriver.java:552)
	at org.openqa.selenium.remote.RemoteWebDriver.startSession(RemoteWebDriver.java:213)
	at org.openqa.selenium.remote.RemoteWebDriver.<init>(RemoteWebDriver.java:131)
	at org.openqa.selenium.chrome.ChromeDriver.<init>(ChromeDriver.java:181)
	at org.openqa.selenium.chrome.ChromeDriver.<init>(ChromeDriver.java:168)
	at org.openqa.selenium.chrome.ChromeDriver.<init>(ChromeDriver.java:123)
	at com.E_bankingPageObject.BaseClass.Setup(BaseClass.java:38)
	at sun.reflect.NativeMethodAccessorImpl.invoke0(Native Method)
	at sun.reflect.NativeMethodAccessorImpl.invoke(Unknown Source)
	at sun.reflect.DelegatingMethodAccessorImpl.invoke(Unknown Source)
	at java.lang.reflect.Method.invoke(Unknown Source)
	at org.testng.internal.MethodInvocationHelper.invokeMethod(MethodInvocationHelper.java:84)
	at org.testng.internal.Invoker.invokeConfigurationMethod(Invoker.java:564)
	at org.testng.internal.Invoker.invokeConfigurations(Invoker.java:213)
	at org.testng.internal.Invoker.invokeConfigurations(Invoker.java:138)
	at org.testng.internal.TestMethodWorker.invokeBeforeClassMethods(TestMethodWorker.java:175)
	at org.testng.internal.TestMethodWorker.run(TestMethodWorker.java:107)
	at java.util.concurrent.ThreadPoolExecutor.runWorker(Unknown Source)
	at java.util.concurrent.ThreadPoolExecutor$Worker.run(Unknown Source)
	at java.lang.Thread.run(Unknown Source)
]]>
    </failure>
  </testcase> <!-- loginDDT -->
</testsuite> <!-- com.E_bankingTestCases.Tc_LoginTest_002 -->
